<?xml version="1.0" encoding="UTF-8"?>
<testsuite xmlns:xsi="http://www.w3.org/2001/XMLSchema-instance" xsi:noNamespaceSchemaLocation="https://maven.apache.org/surefire/maven-surefire-plugin/xsd/surefire-test-report.xsd" name="com.redfig.AppTest" time="0.017" tests="1" errors="0" skipped="0" failures="0">
  <properties>
    <property name="sun.desktop" value="windows"/>
    <property name="awt.toolkit" value="sun.awt.windows.WToolkit"/>
    <property name="file.encoding.pkg" value="sun.io"/>
    <property name="java.specification.version" value="1.8"/>
    <property name="sun.cpu.isalist" value="amd64"/>
    <property name="sun.jnu.encoding" value="Cp1252"/>
    <property name="java.class.path" value="C:\Users\MatthewReddy\projects\cmisproxybridge\target\test-classes;C:\Users\MatthewReddy\projects\cmisproxybridge\target\classes;C:\Users\MatthewReddy\.m2\repository\com\sap\cloud\neo-java-web-api\3.129.5\neo-java-web-api-3.129.5.jar;C:\Users\MatthewReddy\.m2\repository\javax\servlet\jsp\javax.servlet.jsp-api\2.3.1\javax.servlet.jsp-api-2.3.1.jar;C:\Users\MatthewReddy\.m2\repository\javax\mail\javax.mail-api\1.5.5\javax.mail-api-1.5.5.jar;C:\Users\MatthewReddy\.m2\repository\org\slf4j\slf4j-api\1.7.19\slf4j-api-1.7.19.jar;C:\Users\MatthewReddy\.m2\repository\org\apache\chemistry\opencmis\chemistry-opencmis-client-api\1.0.0\chemistry-opencmis-client-api-1.0.0.jar;C:\Users\MatthewReddy\.m2\repository\javax\websocket\javax.websocket-api\1.1\javax.websocket-api-1.1.jar;C:\Users\MatthewReddy\.m2\repository\javax\el\javax.el-api\3.0.0\javax.el-api-3.0.0.jar;C:\Users\MatthewReddy\.m2\repository\org\apache\chemistry\opencmis\chemistry-opencmis-commons-api\1.0.0\chemistry-opencmis-commons-api-1.0.0.jar;C:\Users\MatthewReddy\.m2\repository\org\glassfish\javax.annotation\3.1-b41\javax.annotation-3.1-b41.jar;C:\Users\MatthewReddy\.m2\repository\javax\servlet\javax.servlet-api\3.1.0\javax.servlet-api-3.1.0.jar;C:\Users\MatthewReddy\.m2\repository\junit\junit\4.11\junit-4.11.jar;C:\Users\MatthewReddy\.m2\repository\org\hamcrest\hamcrest-core\1.3\hamcrest-core-1.3.jar;"/>
    <property name="java.vm.vendor" value="SAP AG"/>
    <property name="sun.arch.data.model" value="64"/>
    <property name="user.variant" value=""/>
    <property name="java.vendor.url" value="http://www.sap.com/"/>
    <property name="user.timezone" value="Europe/Paris"/>
    <property name="user.country.format" value="ES"/>
    <property name="com.sap.vm.type" value="opt"/>
    <property name="os.name" value="Windows 11"/>
    <property name="java.vm.specification.version" value="1.8"/>
    <property name="com.sap.vm.endofplatformsupport" value=""/>
    <property name="user.country" value="US"/>
    <property name="sun.java.launcher" value="SAP_STANDARD"/>
    <property name="sun.boot.library.path" value="C:\Program Files\sapjvm\sapjvm_8\jre\bin"/>
    <property name="com.sap.vm.version" value="10"/>
    <property name="jdk.debug" value="release"/>
    <property name="surefire.test.class.path" value="C:\Users\MatthewReddy\projects\cmisproxybridge\target\test-classes;C:\Users\MatthewReddy\projects\cmisproxybridge\target\classes;C:\Users\MatthewReddy\.m2\repository\com\sap\cloud\neo-java-web-api\3.129.5\neo-java-web-api-3.129.5.jar;C:\Users\MatthewReddy\.m2\repository\javax\servlet\jsp\javax.servlet.jsp-api\2.3.1\javax.servlet.jsp-api-2.3.1.jar;C:\Users\MatthewReddy\.m2\repository\javax\mail\javax.mail-api\1.5.5\javax.mail-api-1.5.5.jar;C:\Users\MatthewReddy\.m2\repository\org\slf4j\slf4j-api\1.7.19\slf4j-api-1.7.19.jar;C:\Users\MatthewReddy\.m2\repository\org\apache\chemistry\opencmis\chemistry-opencmis-client-api\1.0.0\chemistry-opencmis-client-api-1.0.0.jar;C:\Users\MatthewReddy\.m2\repository\javax\websocket\javax.websocket-api\1.1\javax.websocket-api-1.1.jar;C:\Users\MatthewReddy\.m2\repository\javax\el\javax.el-api\3.0.0\javax.el-api-3.0.0.jar;C:\Users\MatthewReddy\.m2\repository\org\apache\chemistry\opencmis\chemistry-opencmis-commons-api\1.0.0\chemistry-opencmis-commons-api-1.0.0.jar;C:\Users\MatthewReddy\.m2\repository\org\glassfish\javax.annotation\3.1-b41\javax.annotation-3.1-b41.jar;C:\Users\MatthewReddy\.m2\repository\javax\servlet\javax.servlet-api\3.1.0\javax.servlet-api-3.1.0.jar;C:\Users\MatthewReddy\.m2\repository\junit\junit\4.11\junit-4.11.jar;C:\Users\MatthewReddy\.m2\repository\org\hamcrest\hamcrest-core\1.3\hamcrest-core-1.3.jar;"/>
    <property name="sun.cpu.endian" value="little"/>
    <property name="user.home" value="C:\Users\MatthewReddy"/>
    <property name="user.language" value="en"/>
    <property name="java.specification.vendor" value="Oracle Corporation"/>
    <property name="java.home" value="C:\Program Files\sapjvm\sapjvm_8\jre"/>
    <property name="com.sap.vm.profilingserver" value="true"/>
    <property name="basedir" value="C:\Users\MatthewReddy\projects\cmisproxybridge"/>
    <property name="file.separator" value="\"/>
    <property name="java.vm.compressedOopsMode" value="32-bit"/>
    <property name="line.separator" value="&#10;"/>
    <property name="java.vm.specification.vendor" value="Oracle Corporation"/>
    <property name="java.specification.name" value="Java Platform API Specification"/>
    <property name="java.awt.graphicsenv" value="sun.awt.Win32GraphicsEnvironment"/>
    <property name="surefire.real.class.path" value="C:\Users\MATTHE~1\AppData\Local\Temp\surefire1939629573416303972\surefirebooter2967811045428795327.jar"/>
    <property name="jdk.boot.class.path.append" value=""/>
    <property name="sun.boot.class.path" value="C:\Program Files\sapjvm\sapjvm_8\jre\lib\resources.jar;C:\Program Files\sapjvm\sapjvm_8\jre\lib\rt.jar;C:\Program Files\sapjvm\sapjvm_8\jre\lib\sunrsasign.jar;C:\Program Files\sapjvm\sapjvm_8\jre\lib\jsse.jar;C:\Program Files\sapjvm\sapjvm_8\jre\lib\jce.jar;C:\Program Files\sapjvm\sapjvm_8\jre\lib\charsets.jar;C:\Program Files\sapjvm\sapjvm_8\jre\lib\jfr.jar;C:\Program Files\sapjvm\sapjvm_8\jre\classes"/>
    <property name="user.script" value=""/>
    <property name="sun.management.compiler" value="HotSpot 64-Bit Tiered Compilers"/>
    <property name="java.runtime.version" value="8.1.095"/>
    <property name="user.name" value="MatthewReddy"/>
    <property name="com.sap.jvm.launcher.jar.mainclass" value="org.apache.maven.surefire.booter.ForkedBooter"/>
    <property name="path.separator" value=";"/>
    <property name="os.version" value="10.0"/>
    <property name="java.endorsed.dirs" value="C:\Program Files\sapjvm\sapjvm_8\jre\lib\endorsed"/>
    <property name="java.runtime.name" value="Java(TM) SE Runtime Environment"/>
    <property name="file.encoding" value="Cp1252"/>
    <property name="java.vm.name" value="SAP Java Server VM"/>
    <property name="localRepository" value="C:\Users\MatthewReddy\.m2\repository"/>
    <property name="java.vendor.url.bug" value="https://support.sap.com"/>
    <property name="java.io.tmpdir" value="C:\Users\MATTHE~1\AppData\Local\Temp\"/>
    <property name="java.version" value="1.8.0_381"/>
    <property name="user.dir" value="C:\Users\MatthewReddy\projects\cmisproxybridge"/>
    <property name="os.arch" value="amd64"/>
    <property name="java.vm.specification.name" value="Java Virtual Machine Specification"/>
    <property name="java.awt.printerjob" value="sun.awt.windows.WPrinterJob"/>
    <property name="user.language.format" value="es"/>
    <property name="sun.os.patch.level" value=""/>
    <property name="com.sap.vm.codeline" value="81_REL"/>
    <property name="java.library.path" value="C:\Program Files\sapjvm\sapjvm_8\jre\bin;C:\WINDOWS\Sun\Java\bin;C:\WINDOWS\system32;C:\WINDOWS;C:\WINDOWS\system32;C:\WINDOWS;C:\WINDOWS\System32\Wbem;C:\WINDOWS\System32\WindowsPowerShell\v1.0\;C:\WINDOWS\System32\OpenSSH\;C:\Program Files\Microsoft Network Monitor 3\;C:\Program Files\dotnet\;C:\Program Files\sapjvm\sapjvm_8\jre\bin;C:\Program Files\neojava\tools;C:\Program Files\AutoFirma\AutoFirma;C:\Program Files\Docker\Docker\resources\bin;C:\Program Files\mvn\bin;C:\Program Files\Git\cmd;C:\Users\MatthewReddy\AppData\Local\Microsoft\WindowsApps;;C:\Users\MatthewReddy\AppData\Local\Programs\Microsoft VS Code\bin;."/>
    <property name="java.vm.info" value="Jul 17 2023 15:28:24 - 81_REL - optU - windows amd64 - 6 - bas2:338195 (mixed mode)"/>
    <property name="java.vendor" value="SAP AG"/>
    <property name="java.vm.version" value="8.1.095 11.0.20+000"/>
    <property name="java.specification.maintenance.version" value="5"/>
    <property name="java.ext.dirs" value="C:\Program Files\sapjvm\sapjvm_8\jre\lib\ext-sap;C:\Program Files\sapjvm\sapjvm_8\jre\lib\ext;C:\WINDOWS\Sun\Java\lib\ext"/>
    <property name="sun.io.unicode.encoding" value="UnicodeLittle"/>
    <property name="java.class.version" value="52.0"/>
    <property name="com.sap.vm.compressedoops" value="true"/>
  </properties>
  <testcase name="shouldAnswerWithTrue" classname="com.redfig.AppTest" time="0"/>
</testsuite>